<?xml version="1.0" encoding="UTF-8"?>
<coverage generated="1604510257082" clover="3.2.0">
  <project timestamp="1604510257082" name="All files">
    <metrics statements="11" coveredstatements="8" conditionals="16" coveredconditionals="7" methods="3" coveredmethods="2" elements="30" coveredelements="17" complexity="0" loc="11" ncloc="11" packages="1" files="2" classes="2"/>
    <file name="isSymbol.js" path="/home/juho/school/COMP.SE.200-2020-assignment/src/isSymbol.js">
      <metrics statements="2" coveredstatements="2" conditionals="4" coveredconditionals="2" methods="1" coveredmethods="1"/>
      <line num="19" count="1" type="stmt"/>
      <line num="20" count="1" type="cond" truecount="2" falsecount="2"/>
    </file>
    <file name="toString.js" path="/home/juho/school/COMP.SE.200-2020-assignment/src/toString.js">
      <metrics statements="9" coveredstatements="6" conditionals="12" coveredconditionals="5" methods="2" coveredmethods="1"/>
      <line num="4" count="1" type="stmt"/>
      <line num="28" count="1" type="cond" truecount="1" falsecount="1"/>
      <line num="29" count="0" type="stmt"/>
      <line num="31" count="1" type="cond" truecount="1" falsecount="1"/>
      <line num="33" count="0" type="cond" truecount="0" falsecount="2"/>
      <line num="35" count="1" type="cond" truecount="1" falsecount="1"/>
      <line num="36" count="0" type="stmt"/>
      <line num="38" count="1" type="stmt"/>
      <line num="39" count="1" type="cond" truecount="2" falsecount="2"/>
    </file>
  </project>
</coverage>
