<?xml version="1.0" encoding="UTF-8"?>
<coverage generated="1607167890110" clover="3.2.0">
  <project timestamp="1607167890110" name="All files">
    <metrics statements="174" coveredstatements="150" conditionals="201" coveredconditionals="127" methods="40" coveredmethods="36" elements="415" coveredelements="313" complexity="0" loc="174" ncloc="174" packages="1" files="36" classes="36"/>
    <file name="add.js" path="C:\Users\aalto\Documents\koulu\st\COMP.SE.200-2020-assignment\src\add.js">
      <metrics statements="1" coveredstatements="1" conditionals="0" coveredconditionals="0" methods="1" coveredmethods="1"/>
      <line num="16" count="2" type="stmt"/>
    </file>
    <file name="capitalize.js" path="C:\Users\aalto\Documents\koulu\st\COMP.SE.200-2020-assignment\src\capitalize.js">
      <metrics statements="1" coveredstatements="1" conditionals="0" coveredconditionals="0" methods="1" coveredmethods="1"/>
      <line num="17" count="2" type="stmt"/>
    </file>
    <file name="castArray.js" path="C:\Users\aalto\Documents\koulu\st\COMP.SE.200-2020-assignment\src\castArray.js">
      <metrics statements="2" coveredstatements="2" conditionals="2" coveredconditionals="2" methods="1" coveredmethods="1"/>
      <line num="34" count="7" type="stmt"/>
      <line num="35" count="7" type="cond" truecount="2" falsecount="0"/>
    </file>
    <file name="ceil.js" path="C:\Users\aalto\Documents\koulu\st\COMP.SE.200-2020-assignment\src\ceil.js">
      <metrics statements="1" coveredstatements="1" conditionals="0" coveredconditionals="0" methods="0" coveredmethods="0"/>
      <line num="22" count="1" type="stmt"/>
    </file>
    <file name="compact.js" path="C:\Users\aalto\Documents\koulu\st\COMP.SE.200-2020-assignment\src\compact.js">
      <metrics statements="6" coveredstatements="6" conditionals="2" coveredconditionals="2" methods="1" coveredmethods="1"/>
      <line num="15" count="6" type="stmt"/>
      <line num="16" count="6" type="stmt"/>
      <line num="18" count="6" type="stmt"/>
      <line num="19" count="18" type="cond" truecount="2" falsecount="0"/>
      <line num="20" count="12" type="stmt"/>
      <line num="23" count="6" type="stmt"/>
    </file>
    <file name="countBy.js" path="C:\Users\aalto\Documents\koulu\st\COMP.SE.200-2020-assignment\src\countBy.js">
      <metrics statements="7" coveredstatements="7" conditionals="2" coveredconditionals="2" methods="2" coveredmethods="2"/>
      <line num="5" count="1" type="stmt"/>
      <line num="30" count="1" type="stmt"/>
      <line num="31" count="3" type="stmt"/>
      <line num="32" count="3" type="cond" truecount="2" falsecount="0"/>
      <line num="33" count="1" type="stmt"/>
      <line num="35" count="2" type="stmt"/>
      <line num="37" count="3" type="stmt"/>
    </file>
    <file name="defaultTo.js" path="C:\Users\aalto\Documents\koulu\st\COMP.SE.200-2020-assignment\src\defaultTo.js">
      <metrics statements="1" coveredstatements="1" conditionals="2" coveredconditionals="2" methods="1" coveredmethods="1"/>
      <line num="20" count="4" type="cond" truecount="2" falsecount="0"/>
    </file>
    <file name="divide.js" path="C:\Users\aalto\Documents\koulu\st\COMP.SE.200-2020-assignment\src\divide.js">
      <metrics statements="1" coveredstatements="1" conditionals="0" coveredconditionals="0" methods="1" coveredmethods="1"/>
      <line num="16" count="1" type="stmt"/>
    </file>
    <file name="drop.js" path="C:\Users\aalto\Documents\koulu\st\COMP.SE.200-2020-assignment\src\drop.js">
      <metrics statements="2" coveredstatements="2" conditionals="7" coveredconditionals="3" methods="1" coveredmethods="1"/>
      <line num="27" count="1" type="cond" truecount="1" falsecount="1"/>
      <line num="28" count="1" type="cond" truecount="1" falsecount="1"/>
    </file>
    <file name="endsWith.js" path="C:\Users\aalto\Documents\koulu\st\COMP.SE.200-2020-assignment\src\endsWith.js">
      <metrics statements="9" coveredstatements="7" conditionals="10" coveredconditionals="8" methods="1" coveredmethods="1"/>
      <line num="24" count="3" type="stmt"/>
      <line num="25" count="3" type="cond" truecount="2" falsecount="0"/>
      <line num="26" count="3" type="cond" truecount="3" falsecount="1"/>
      <line num="27" count="0" type="stmt"/>
      <line num="29" count="3" type="cond" truecount="1" falsecount="1"/>
      <line num="30" count="0" type="stmt"/>
      <line num="32" count="3" type="stmt"/>
      <line num="33" count="3" type="stmt"/>
      <line num="34" count="3" type="cond" truecount="2" falsecount="0"/>
    </file>
    <file name="eq.js" path="C:\Users\aalto\Documents\koulu\st\COMP.SE.200-2020-assignment\src\eq.js">
      <metrics statements="1" coveredstatements="1" conditionals="3" coveredconditionals="3" methods="1" coveredmethods="1"/>
      <line num="32" count="6" type="cond" truecount="3" falsecount="0"/>
    </file>
    <file name="every.js" path="C:\Users\aalto\Documents\koulu\st\COMP.SE.200-2020-assignment\src\every.js">
      <metrics statements="6" coveredstatements="6" conditionals="4" coveredconditionals="3" methods="1" coveredmethods="1"/>
      <line num="23" count="3" type="stmt"/>
      <line num="24" count="3" type="cond" truecount="1" falsecount="1"/>
      <line num="26" count="3" type="stmt"/>
      <line num="27" count="8" type="cond" truecount="2" falsecount="0"/>
      <line num="28" count="1" type="stmt"/>
      <line num="31" count="2" type="stmt"/>
    </file>
    <file name="filter.js" path="C:\Users\aalto\Documents\koulu\st\COMP.SE.200-2020-assignment\src\filter.js">
      <metrics statements="9" coveredstatements="9" conditionals="4" coveredconditionals="3" methods="1" coveredmethods="1"/>
      <line num="25" count="5" type="stmt"/>
      <line num="26" count="5" type="stmt"/>
      <line num="27" count="5" type="cond" truecount="1" falsecount="1"/>
      <line num="28" count="5" type="stmt"/>
      <line num="30" count="5" type="stmt"/>
      <line num="31" count="14" type="stmt"/>
      <line num="32" count="14" type="cond" truecount="2" falsecount="0"/>
      <line num="33" count="2" type="stmt"/>
      <line num="36" count="5" type="stmt"/>
    </file>
    <file name="get.js" path="C:\Users\aalto\Documents\koulu\st\COMP.SE.200-2020-assignment\src\get.js">
      <metrics statements="2" coveredstatements="2" conditionals="4" coveredconditionals="3" methods="1" coveredmethods="1"/>
      <line num="28" count="10" type="cond" truecount="1" falsecount="1"/>
      <line num="29" count="10" type="cond" truecount="2" falsecount="0"/>
    </file>
    <file name="isArguments.js" path="C:\Users\aalto\Documents\koulu\st\COMP.SE.200-2020-assignment\src\isArguments.js">
      <metrics statements="1" coveredstatements="1" conditionals="2" coveredconditionals="2" methods="1" coveredmethods="1"/>
      <line num="20" count="2" type="cond" truecount="2" falsecount="0"/>
    </file>
    <file name="isArrayLike.js" path="C:\Users\aalto\Documents\koulu\st\COMP.SE.200-2020-assignment\src\isArrayLike.js">
      <metrics statements="1" coveredstatements="1" conditionals="3" coveredconditionals="3" methods="1" coveredmethods="1"/>
      <line num="27" count="8" type="cond" truecount="3" falsecount="0"/>
    </file>
    <file name="isBoolean.js" path="C:\Users\aalto\Documents\koulu\st\COMP.SE.200-2020-assignment\src\isBoolean.js">
      <metrics statements="1" coveredstatements="1" conditionals="4" coveredconditionals="3" methods="1" coveredmethods="1"/>
      <line num="20" count="5" type="cond" truecount="3" falsecount="1"/>
    </file>
    <file name="isBuffer.js" path="C:\Users\aalto\Documents\koulu\st\COMP.SE.200-2020-assignment\src\isBuffer.js">
      <metrics statements="6" coveredstatements="6" conditionals="17" coveredconditionals="14" methods="1" coveredmethods="0"/>
      <line num="4" count="5" type="cond" truecount="4" falsecount="0"/>
      <line num="7" count="5" type="cond" truecount="5" falsecount="0"/>
      <line num="10" count="5" type="cond" truecount="2" falsecount="0"/>
      <line num="13" count="5" type="cond" truecount="1" falsecount="1"/>
      <line num="16" count="5" type="cond" truecount="1" falsecount="1"/>
      <line num="33" count="5" type="cond" truecount="1" falsecount="1"/>
    </file>
    <file name="isDate.js" path="C:\Users\aalto\Documents\koulu\st\COMP.SE.200-2020-assignment\src\isDate.js">
      <metrics statements="4" coveredstatements="3" conditionals="6" coveredconditionals="3" methods="2" coveredmethods="1"/>
      <line num="6" count="1" type="cond" truecount="2" falsecount="0"/>
      <line num="23" count="1" type="cond" truecount="1" falsecount="1"/>
      <line num="24" count="3" type="stmt"/>
      <line num="25" count="0" type="cond" truecount="0" falsecount="2"/>
    </file>
    <file name="isEmpty.js" path="C:\Users\aalto\Documents\koulu\st\COMP.SE.200-2020-assignment\src\isEmpty.js">
      <metrics statements="14" coveredstatements="4" conditionals="19" coveredconditionals="4" methods="1" coveredmethods="1"/>
      <line num="9" count="1" type="stmt"/>
      <line num="46" count="2" type="cond" truecount="1" falsecount="1"/>
      <line num="47" count="0" type="stmt"/>
      <line num="49" count="2" type="cond" truecount="3" falsecount="6"/>
      <line num="52" count="2" type="stmt"/>
      <line num="54" count="0" type="stmt"/>
      <line num="55" count="0" type="cond" truecount="0" falsecount="4"/>
      <line num="56" count="0" type="stmt"/>
      <line num="58" count="0" type="cond" truecount="0" falsecount="2"/>
      <line num="59" count="0" type="stmt"/>
      <line num="61" count="0" type="stmt"/>
      <line num="62" count="0" type="cond" truecount="0" falsecount="2"/>
      <line num="63" count="0" type="stmt"/>
      <line num="66" count="0" type="stmt"/>
    </file>
    <file name="isLength.js" path="C:\Users\aalto\Documents\koulu\st\COMP.SE.200-2020-assignment\src\isLength.js">
      <metrics statements="2" coveredstatements="2" conditionals="4" coveredconditionals="4" methods="1" coveredmethods="1"/>
      <line num="2" count="6" type="stmt"/>
      <line num="29" count="10" type="cond" truecount="4" falsecount="0"/>
    </file>
    <file name="isObject.js" path="C:\Users\aalto\Documents\koulu\st\COMP.SE.200-2020-assignment\src\isObject.js">
      <metrics statements="2" coveredstatements="2" conditionals="3" coveredconditionals="3" methods="1" coveredmethods="1"/>
      <line num="25" count="10" type="stmt"/>
      <line num="26" count="10" type="cond" truecount="3" falsecount="0"/>
    </file>
    <file name="isObjectLike.js" path="C:\Users\aalto\Documents\koulu\st\COMP.SE.200-2020-assignment\src\isObjectLike.js">
      <metrics statements="1" coveredstatements="1" conditionals="2" coveredconditionals="2" methods="1" coveredmethods="1"/>
      <line num="24" count="8" type="cond" truecount="2" falsecount="0"/>
    </file>
    <file name="isSymbol.js" path="C:\Users\aalto\Documents\koulu\st\COMP.SE.200-2020-assignment\src\isSymbol.js">
      <metrics statements="2" coveredstatements="2" conditionals="4" coveredconditionals="2" methods="1" coveredmethods="1"/>
      <line num="19" count="19" type="stmt"/>
      <line num="20" count="19" type="cond" truecount="2" falsecount="2"/>
    </file>
    <file name="isTypedArray.js" path="C:\Users\aalto\Documents\koulu\st\COMP.SE.200-2020-assignment\src\isTypedArray.js">
      <metrics statements="5" coveredstatements="4" conditionals="6" coveredconditionals="3" methods="2" coveredmethods="1"/>
      <line num="6" count="5" type="stmt"/>
      <line num="9" count="5" type="cond" truecount="2" falsecount="0"/>
      <line num="26" count="5" type="cond" truecount="1" falsecount="1"/>
      <line num="27" count="2" type="stmt"/>
      <line num="28" count="0" type="cond" truecount="0" falsecount="2"/>
    </file>
    <file name="keys.js" path="C:\Users\aalto\Documents\koulu\st\COMP.SE.200-2020-assignment\src\keys.js">
      <metrics statements="1" coveredstatements="1" conditionals="2" coveredconditionals="1" methods="1" coveredmethods="1"/>
      <line num="32" count="2" type="cond" truecount="1" falsecount="1"/>
    </file>
    <file name="map.js" path="C:\Users\aalto\Documents\koulu\st\COMP.SE.200-2020-assignment\src\map.js">
      <metrics statements="6" coveredstatements="6" conditionals="2" coveredconditionals="1" methods="1" coveredmethods="1"/>
      <line num="20" count="1" type="stmt"/>
      <line num="21" count="1" type="cond" truecount="1" falsecount="1"/>
      <line num="22" count="1" type="stmt"/>
      <line num="24" count="1" type="stmt"/>
      <line num="25" count="2" type="stmt"/>
      <line num="27" count="1" type="stmt"/>
    </file>
    <file name="memoize.js" path="C:\Users\aalto\Documents\koulu\st\COMP.SE.200-2020-assignment\src\memoize.js">
      <metrics statements="13" coveredstatements="12" conditionals="13" coveredconditionals="10" methods="2" coveredmethods="2"/>
      <line num="44" count="5" type="cond" truecount="4" falsecount="1"/>
      <line num="45" count="0" type="stmt"/>
      <line num="47" count="5" type="stmt"/>
      <line num="48" count="4" type="cond" truecount="2" falsecount="0"/>
      <line num="49" count="4" type="stmt"/>
      <line num="51" count="4" type="cond" truecount="2" falsecount="0"/>
      <line num="52" count="1" type="stmt"/>
      <line num="54" count="3" type="stmt"/>
      <line num="55" count="3" type="cond" truecount="1" falsecount="1"/>
      <line num="56" count="3" type="stmt"/>
      <line num="58" count="5" type="cond" truecount="1" falsecount="1"/>
      <line num="59" count="5" type="stmt"/>
      <line num="62" count="4" type="stmt"/>
    </file>
    <file name="reduce.js" path="C:\Users\aalto\Documents\koulu\st\COMP.SE.200-2020-assignment\src\reduce.js">
      <metrics statements="3" coveredstatements="3" conditionals="2" coveredconditionals="1" methods="1" coveredmethods="1"/>
      <line num="39" count="7" type="cond" truecount="1" falsecount="1"/>
      <line num="40" count="7" type="stmt"/>
      <line num="41" count="7" type="stmt"/>
    </file>
    <file name="slice.js" path="C:\Users\aalto\Documents\koulu\st\COMP.SE.200-2020-assignment\src\slice.js">
      <metrics statements="16" coveredstatements="14" conditionals="16" coveredconditionals="9" methods="1" coveredmethods="1"/>
      <line num="22" count="4" type="cond" truecount="1" falsecount="1"/>
      <line num="23" count="4" type="cond" truecount="2" falsecount="0"/>
      <line num="24" count="1" type="stmt"/>
      <line num="26" count="3" type="cond" truecount="1" falsecount="1"/>
      <line num="27" count="3" type="cond" truecount="2" falsecount="0"/>
      <line num="29" count="3" type="cond" truecount="1" falsecount="1"/>
      <line num="30" count="0" type="cond" truecount="0" falsecount="2"/>
      <line num="32" count="3" type="cond" truecount="1" falsecount="1"/>
      <line num="33" count="0" type="stmt"/>
      <line num="35" count="3" type="cond" truecount="1" falsecount="1"/>
      <line num="36" count="3" type="stmt"/>
      <line num="38" count="3" type="stmt"/>
      <line num="39" count="3" type="stmt"/>
      <line num="40" count="3" type="stmt"/>
      <line num="41" count="7" type="stmt"/>
      <line num="43" count="3" type="stmt"/>
    </file>
    <file name="toFinite.js" path="C:\Users\aalto\Documents\koulu\st\COMP.SE.200-2020-assignment\src\toFinite.js">
      <metrics statements="9" coveredstatements="8" conditionals="12" coveredconditionals="7" methods="1" coveredmethods="1"/>
      <line num="4" count="3" type="stmt"/>
      <line num="5" count="3" type="stmt"/>
      <line num="29" count="9" type="cond" truecount="1" falsecount="1"/>
      <line num="30" count="0" type="cond" truecount="0" falsecount="2"/>
      <line num="32" count="9" type="stmt"/>
      <line num="33" count="9" type="cond" truecount="4" falsecount="0"/>
      <line num="34" count="2" type="cond" truecount="1" falsecount="1"/>
      <line num="35" count="2" type="stmt"/>
      <line num="37" count="7" type="cond" truecount="1" falsecount="1"/>
    </file>
    <file name="toInteger.js" path="C:\Users\aalto\Documents\koulu\st\COMP.SE.200-2020-assignment\src\toInteger.js">
      <metrics statements="3" coveredstatements="3" conditionals="2" coveredconditionals="2" methods="1" coveredmethods="1"/>
      <line num="29" count="5" type="stmt"/>
      <line num="30" count="5" type="stmt"/>
      <line num="32" count="5" type="cond" truecount="2" falsecount="0"/>
    </file>
    <file name="toNumber.js" path="C:\Users\aalto\Documents\koulu\st\COMP.SE.200-2020-assignment\src\toNumber.js">
      <metrics statements="18" coveredstatements="14" conditionals="22" coveredconditionals="9" methods="1" coveredmethods="1"/>
      <line num="5" count="4" type="stmt"/>
      <line num="8" count="4" type="stmt"/>
      <line num="11" count="4" type="stmt"/>
      <line num="14" count="4" type="stmt"/>
      <line num="17" count="4" type="stmt"/>
      <line num="20" count="4" type="stmt"/>
      <line num="45" count="14" type="cond" truecount="2" falsecount="0"/>
      <line num="46" count="10" type="stmt"/>
      <line num="48" count="4" type="cond" truecount="1" falsecount="1"/>
      <line num="49" count="0" type="stmt"/>
      <line num="51" count="4" type="cond" truecount="1" falsecount="1"/>
      <line num="52" count="0" type="cond" truecount="0" falsecount="2"/>
      <line num="53" count="0" type="cond" truecount="0" falsecount="2"/>
      <line num="55" count="4" type="cond" truecount="1" falsecount="1"/>
      <line num="56" count="0" type="cond" truecount="0" falsecount="2"/>
      <line num="58" count="4" type="stmt"/>
      <line num="59" count="4" type="stmt"/>
      <line num="60" count="4" type="cond" truecount="3" falsecount="1"/>
    </file>
    <file name="toString.js" path="C:\Users\aalto\Documents\koulu\st\COMP.SE.200-2020-assignment\src\toString.js">
      <metrics statements="9" coveredstatements="8" conditionals="12" coveredconditionals="8" methods="2" coveredmethods="2"/>
      <line num="4" count="2" type="stmt"/>
      <line num="28" count="7" type="cond" truecount="2" falsecount="0"/>
      <line num="29" count="3" type="stmt"/>
      <line num="31" count="4" type="cond" truecount="2" falsecount="0"/>
      <line num="33" count="2" type="cond" truecount="1" falsecount="1"/>
      <line num="35" count="3" type="cond" truecount="1" falsecount="1"/>
      <line num="36" count="0" type="stmt"/>
      <line num="38" count="3" type="stmt"/>
      <line num="39" count="3" type="cond" truecount="2" falsecount="2"/>
    </file>
    <file name="upperFirst.js" path="C:\Users\aalto\Documents\koulu\st\COMP.SE.200-2020-assignment\src\upperFirst.js">
      <metrics statements="1" coveredstatements="1" conditionals="0" coveredconditionals="0" methods="0" coveredmethods="0"/>
      <line num="19" count="2" type="stmt"/>
    </file>
    <file name="words.js" path="C:\Users\aalto\Documents\koulu\st\COMP.SE.200-2020-assignment\src\words.js">
      <metrics statements="7" coveredstatements="6" conditionals="8" coveredconditionals="5" methods="2" coveredmethods="1"/>
      <line num="3" count="1" type="stmt"/>
      <line num="8" count="1" type="stmt"/>
      <line num="11" count="0" type="stmt"/>
      <line num="31" count="2" type="cond" truecount="2" falsecount="0"/>
      <line num="32" count="1" type="cond" truecount="1" falsecount="1"/>
      <line num="33" count="1" type="cond" truecount="1" falsecount="1"/>
      <line num="35" count="1" type="cond" truecount="1" falsecount="1"/>
    </file>
  </project>
</coverage>
