TN:
SF:src/isSymbol.js
FN:18,isSymbol
FNF:1
FNH:1
FNDA:1,isSymbol
DA:19,1
DA:20,1
LF:2
LH:2
BRDA:20,0,0,1
BRDA:20,0,1,1
BRDA:20,0,2,0
BRDA:20,0,3,0
BRF:4
BRH:2
end_of_record
TN:
SF:src/toString.js
FN:25,toString
FN:33,(anonymous_1)
FNF:2
FNH:1
FNDA:1,toString
FNDA:0,(anonymous_1)
DA:4,1
DA:28,1
DA:29,0
DA:31,1
DA:33,0
DA:35,1
DA:36,0
DA:38,1
DA:39,1
LF:9
LH:6
BRDA:28,0,0,0
BRDA:28,0,1,1
BRDA:31,1,0,0
BRDA:31,1,1,1
BRDA:33,2,0,0
BRDA:33,2,1,0
BRDA:35,3,0,0
BRDA:35,3,1,1
BRDA:39,4,0,0
BRDA:39,4,1,1
BRDA:39,5,0,1
BRDA:39,5,1,0
BRF:12
BRH:5
end_of_record
