TN:
SF:src\add.js
FN:16,(anonymous_0)
FNF:1
FNH:1
FNDA:2,(anonymous_0)
DA:16,2
LF:1
LH:1
BRF:0
BRH:0
end_of_record
TN:
SF:src\capitalize.js
FN:17,(anonymous_0)
FNF:1
FNH:1
FNDA:2,(anonymous_0)
DA:17,2
LF:1
LH:1
BRF:0
BRH:0
end_of_record
TN:
SF:src\castArray.js
FN:33,castArray
FNF:1
FNH:1
FNDA:7,castArray
DA:34,7
DA:35,7
LF:2
LH:2
BRDA:35,0,0,1
BRDA:35,0,1,6
BRF:2
BRH:2
end_of_record
TN:
SF:src\ceil.js
FNF:0
FNH:0
DA:22,1
LF:1
LH:1
BRF:0
BRH:0
end_of_record
TN:
SF:src\compact.js
FN:14,compact
FNF:1
FNH:1
FNDA:6,compact
DA:15,6
DA:16,6
DA:18,6
DA:19,18
DA:20,12
DA:23,6
LF:6
LH:6
BRDA:19,0,0,12
BRDA:19,0,1,6
BRF:2
BRH:2
end_of_record
TN:
SF:src\countBy.js
FN:29,countBy
FN:30,(anonymous_1)
FNF:2
FNH:2
FNDA:1,countBy
FNDA:3,(anonymous_1)
DA:5,1
DA:30,1
DA:31,3
DA:32,3
DA:33,1
DA:35,2
DA:37,3
LF:7
LH:7
BRDA:32,0,0,1
BRDA:32,0,1,2
BRF:2
BRH:2
end_of_record
TN:
SF:src\defaultTo.js
FN:19,defaultTo
FNF:1
FNH:1
FNDA:4,defaultTo
DA:20,4
LF:1
LH:1
BRDA:20,0,0,2
BRDA:20,0,1,2
BRF:2
BRH:2
end_of_record
TN:
SF:src\divide.js
FN:16,(anonymous_0)
FNF:1
FNH:1
FNDA:1,(anonymous_0)
DA:16,1
LF:1
LH:1
BRF:0
BRH:0
end_of_record
TN:
SF:src\drop.js
FN:26,drop
FNF:1
FNH:1
FNDA:1,drop
DA:27,1
DA:28,1
LF:2
LH:2
BRDA:26,0,0,0
BRDA:27,1,0,0
BRDA:27,1,1,1
BRDA:28,2,0,1
BRDA:28,2,1,0
BRDA:29,3,0,0
BRDA:29,3,1,1
BRF:7
BRH:3
end_of_record
TN:
SF:src\endsWith.js
FN:23,endsWith
FNF:1
FNH:1
FNDA:3,endsWith
DA:24,3
DA:25,3
DA:26,3
DA:27,0
DA:29,3
DA:30,0
DA:32,3
DA:33,3
DA:34,3
LF:9
LH:7
BRDA:25,0,0,2
BRDA:25,0,1,1
BRDA:26,1,0,0
BRDA:26,1,1,3
BRDA:26,2,0,3
BRDA:26,2,1,3
BRDA:29,3,0,0
BRDA:29,3,1,3
BRDA:34,4,0,3
BRDA:34,4,1,3
BRF:10
BRH:8
end_of_record
TN:
SF:src\eq.js
FN:31,eq
FNF:1
FNH:1
FNDA:6,eq
DA:32,6
LF:1
LH:1
BRDA:32,0,0,6
BRDA:32,0,1,3
BRDA:32,0,2,1
BRF:3
BRH:3
end_of_record
TN:
SF:src\every.js
FN:22,every
FNF:1
FNH:1
FNDA:3,every
DA:23,3
DA:24,3
DA:26,3
DA:27,8
DA:28,1
DA:31,2
LF:6
LH:6
BRDA:24,0,0,0
BRDA:24,0,1,3
BRDA:27,1,0,1
BRDA:27,1,1,7
BRF:4
BRH:3
end_of_record
TN:
SF:src\filter.js
FN:24,filter
FNF:1
FNH:1
FNDA:5,filter
DA:25,5
DA:26,5
DA:27,5
DA:28,5
DA:30,5
DA:31,14
DA:32,14
DA:33,2
DA:36,5
LF:9
LH:9
BRDA:27,0,0,0
BRDA:27,0,1,5
BRDA:32,1,0,2
BRDA:32,1,1,12
BRF:4
BRH:3
end_of_record
TN:
SF:src\get.js
FN:27,get
FNF:1
FNH:1
FNDA:10,get
DA:28,10
DA:29,10
LF:2
LH:2
BRDA:28,0,0,0
BRDA:28,0,1,10
BRDA:29,1,0,1
BRDA:29,1,1,9
BRF:4
BRH:3
end_of_record
TN:
SF:src\isArguments.js
FN:19,isArguments
FNF:1
FNH:1
FNDA:2,isArguments
DA:20,2
LF:1
LH:1
BRDA:20,0,0,2
BRDA:20,0,1,2
BRF:2
BRH:2
end_of_record
TN:
SF:src\isArrayLike.js
FN:26,isArrayLike
FNF:1
FNH:1
FNDA:8,isArrayLike
DA:27,8
LF:1
LH:1
BRDA:27,0,0,8
BRDA:27,0,1,8
BRDA:27,0,2,7
BRF:3
BRH:3
end_of_record
TN:
SF:src\isBoolean.js
FN:19,isBoolean
FNF:1
FNH:1
FNDA:5,isBoolean
DA:20,5
LF:1
LH:1
BRDA:20,0,0,5
BRDA:20,0,1,3
BRDA:20,0,2,2
BRDA:20,0,3,0
BRF:4
BRH:3
end_of_record
TN:
SF:src\isBuffer.js
FN:33,(anonymous_0)
FNF:1
FNH:0
FNDA:0,(anonymous_0)
DA:4,5
DA:7,5
DA:10,5
DA:13,5
DA:16,5
DA:33,5
LF:6
LH:6
BRDA:4,0,0,5
BRDA:4,0,1,5
BRDA:4,0,2,5
BRDA:4,0,3,5
BRDA:7,1,0,5
BRDA:7,1,1,5
BRDA:7,1,2,5
BRDA:7,1,3,5
BRDA:7,1,4,5
BRDA:10,2,0,5
BRDA:10,2,1,5
BRDA:13,3,0,5
BRDA:13,3,1,0
BRDA:16,4,0,5
BRDA:16,4,1,0
BRDA:33,5,0,5
BRDA:33,5,1,0
BRF:17
BRH:14
end_of_record
TN:
SF:src\isDate.js
FN:24,(anonymous_0)
FN:25,(anonymous_1)
FNF:2
FNH:1
FNDA:3,(anonymous_0)
FNDA:0,(anonymous_1)
DA:6,1
DA:23,1
DA:24,3
DA:25,0
LF:4
LH:3
BRDA:6,0,0,1
BRDA:6,0,1,1
BRDA:23,1,0,1
BRDA:23,1,1,0
BRDA:25,2,0,0
BRDA:25,2,1,0
BRF:6
BRH:3
end_of_record
TN:
SF:src\isEmpty.js
FN:45,isEmpty
FNF:1
FNH:1
FNDA:2,isEmpty
DA:9,1
DA:46,2
DA:47,0
DA:49,2
DA:52,2
DA:54,0
DA:55,0
DA:56,0
DA:58,0
DA:59,0
DA:61,0
DA:62,0
DA:63,0
DA:66,0
LF:14
LH:4
BRDA:46,0,0,0
BRDA:46,0,1,2
BRDA:49,1,0,2
BRDA:49,1,1,0
BRDA:49,2,0,2
BRDA:49,2,1,2
BRDA:49,2,2,0
BRDA:49,2,3,0
BRDA:49,2,4,0
BRDA:49,2,5,0
BRDA:49,2,6,0
BRDA:55,3,0,0
BRDA:55,3,1,0
BRDA:55,4,0,0
BRDA:55,4,1,0
BRDA:58,5,0,0
BRDA:58,5,1,0
BRDA:62,6,0,0
BRDA:62,6,1,0
BRF:19
BRH:4
end_of_record
TN:
SF:src\isLength.js
FN:28,isLength
FNF:1
FNH:1
FNDA:10,isLength
DA:2,6
DA:29,10
LF:2
LH:2
BRDA:29,0,0,10
BRDA:29,0,1,7
BRDA:29,0,2,7
BRDA:29,0,3,6
BRF:4
BRH:4
end_of_record
TN:
SF:src\isObject.js
FN:24,isObject
FNF:1
FNH:1
FNDA:10,isObject
DA:25,10
DA:26,10
LF:2
LH:2
BRDA:26,0,0,10
BRDA:26,0,1,9
BRDA:26,0,2,7
BRF:3
BRH:3
end_of_record
TN:
SF:src\isObjectLike.js
FN:23,isObjectLike
FNF:1
FNH:1
FNDA:8,isObjectLike
DA:24,8
LF:1
LH:1
BRDA:24,0,0,8
BRDA:24,0,1,5
BRF:2
BRH:2
end_of_record
TN:
SF:src\isSymbol.js
FN:18,isSymbol
FNF:1
FNH:1
FNDA:19,isSymbol
DA:19,19
DA:20,19
LF:2
LH:2
BRDA:20,0,0,19
BRDA:20,0,1,18
BRDA:20,0,2,0
BRDA:20,0,3,0
BRF:4
BRH:2
end_of_record
TN:
SF:src\isTypedArray.js
FN:27,(anonymous_0)
FN:28,(anonymous_1)
FNF:2
FNH:1
FNDA:2,(anonymous_0)
FNDA:0,(anonymous_1)
DA:6,5
DA:9,5
DA:26,5
DA:27,2
DA:28,0
LF:5
LH:4
BRDA:9,0,0,5
BRDA:9,0,1,5
BRDA:26,1,0,5
BRDA:26,1,1,0
BRDA:28,2,0,0
BRDA:28,2,1,0
BRF:6
BRH:3
end_of_record
TN:
SF:src\keys.js
FN:31,keys
FNF:1
FNH:1
FNDA:2,keys
DA:32,2
LF:1
LH:1
BRDA:32,0,0,0
BRDA:32,0,1,2
BRF:2
BRH:1
end_of_record
TN:
SF:src\map.js
FN:19,map
FNF:1
FNH:1
FNDA:1,map
DA:20,1
DA:21,1
DA:22,1
DA:24,1
DA:25,2
DA:27,1
LF:6
LH:6
BRDA:21,0,0,0
BRDA:21,0,1,1
BRF:2
BRH:1
end_of_record
TN:
SF:src\memoize.js
FN:43,memoize
FN:47,(anonymous_1)
FNF:2
FNH:2
FNDA:5,memoize
FNDA:4,(anonymous_1)
DA:44,5
DA:45,0
DA:47,5
DA:48,4
DA:49,4
DA:51,4
DA:52,1
DA:54,3
DA:55,3
DA:56,3
DA:58,5
DA:59,5
DA:62,4
LF:13
LH:12
BRDA:44,0,0,0
BRDA:44,0,1,5
BRDA:44,1,0,5
BRDA:44,1,1,5
BRDA:44,1,2,3
BRDA:48,2,0,2
BRDA:48,2,1,2
BRDA:51,3,0,1
BRDA:51,3,1,3
BRDA:55,4,0,3
BRDA:55,4,1,0
BRDA:58,5,0,5
BRDA:58,5,1,0
BRF:13
BRH:10
end_of_record
TN:
SF:src\reduce.js
FN:38,reduce
FNF:1
FNH:1
FNDA:7,reduce
DA:39,7
DA:40,7
DA:41,7
LF:3
LH:3
BRDA:39,0,0,7
BRDA:39,0,1,0
BRF:2
BRH:1
end_of_record
TN:
SF:src\slice.js
FN:21,slice
FNF:1
FNH:1
FNDA:4,slice
DA:22,4
DA:23,4
DA:24,1
DA:26,3
DA:27,3
DA:29,3
DA:30,0
DA:32,3
DA:33,0
DA:35,3
DA:36,3
DA:38,3
DA:39,3
DA:40,3
DA:41,7
DA:43,3
LF:16
LH:14
BRDA:22,0,0,0
BRDA:22,0,1,4
BRDA:23,1,0,1
BRDA:23,1,1,3
BRDA:26,2,0,0
BRDA:26,2,1,3
BRDA:27,3,0,1
BRDA:27,3,1,2
BRDA:29,4,0,0
BRDA:29,4,1,3
BRDA:30,5,0,0
BRDA:30,5,1,0
BRDA:32,6,0,0
BRDA:32,6,1,3
BRDA:35,7,0,0
BRDA:35,7,1,3
BRF:16
BRH:9
end_of_record
TN:
SF:src\toFinite.js
FN:28,toFinite
FNF:1
FNH:1
FNDA:9,toFinite
DA:4,3
DA:5,3
DA:29,9
DA:30,0
DA:32,9
DA:33,9
DA:34,2
DA:35,2
DA:37,7
LF:9
LH:8
BRDA:29,0,0,0
BRDA:29,0,1,9
BRDA:30,1,0,0
BRDA:30,1,1,0
BRDA:33,2,0,2
BRDA:33,2,1,7
BRDA:33,3,0,9
BRDA:33,3,1,7
BRDA:34,4,0,0
BRDA:34,4,1,2
BRDA:37,5,0,7
BRDA:37,5,1,0
BRF:12
BRH:7
end_of_record
TN:
SF:src\toInteger.js
FN:28,toInteger
FNF:1
FNH:1
FNDA:5,toInteger
DA:29,5
DA:30,5
DA:32,5
LF:3
LH:3
BRDA:32,0,0,3
BRDA:32,0,1,2
BRF:2
BRH:2
end_of_record
TN:
SF:src\toNumber.js
FN:44,toNumber
FNF:1
FNH:1
FNDA:14,toNumber
DA:5,4
DA:8,4
DA:11,4
DA:14,4
DA:17,4
DA:20,4
DA:45,14
DA:46,10
DA:48,4
DA:49,0
DA:51,4
DA:52,0
DA:53,0
DA:55,4
DA:56,0
DA:58,4
DA:59,4
DA:60,4
LF:18
LH:14
BRDA:45,0,0,10
BRDA:45,0,1,4
BRDA:48,1,0,0
BRDA:48,1,1,4
BRDA:51,2,0,0
BRDA:51,2,1,4
BRDA:52,3,0,0
BRDA:52,3,1,0
BRDA:53,4,0,0
BRDA:53,4,1,0
BRDA:55,5,0,0
BRDA:55,5,1,4
BRDA:56,6,0,0
BRDA:56,6,1,0
BRDA:60,7,0,0
BRDA:60,7,1,4
BRDA:60,8,0,4
BRDA:60,8,1,4
BRDA:61,9,0,0
BRDA:61,9,1,0
BRDA:62,10,0,0
BRDA:62,10,1,4
BRF:22
BRH:9
end_of_record
TN:
SF:src\toString.js
FN:25,toString
FN:33,(anonymous_1)
FNF:2
FNH:2
FNDA:7,toString
FNDA:2,(anonymous_1)
DA:4,2
DA:28,7
DA:29,3
DA:31,4
DA:33,2
DA:35,3
DA:36,0
DA:38,3
DA:39,3
LF:9
LH:8
BRDA:28,0,0,3
BRDA:28,0,1,4
BRDA:31,1,0,1
BRDA:31,1,1,3
BRDA:33,2,0,0
BRDA:33,2,1,2
BRDA:35,3,0,0
BRDA:35,3,1,3
BRDA:39,4,0,0
BRDA:39,4,1,3
BRDA:39,5,0,3
BRDA:39,5,1,0
BRF:12
BRH:8
end_of_record
TN:
SF:src\upperFirst.js
FNF:0
FNH:0
DA:19,2
LF:1
LH:1
BRF:0
BRH:0
end_of_record
TN:
SF:src\words.js
FN:10,asciiWords
FN:30,words
FNF:2
FNH:1
FNDA:0,asciiWords
FNDA:2,words
DA:3,1
DA:8,1
DA:11,0
DA:31,2
DA:32,1
DA:33,1
DA:35,1
LF:7
LH:6
BRDA:31,0,0,1
BRDA:31,0,1,1
BRDA:32,1,0,1
BRDA:32,1,1,0
BRDA:33,2,0,1
BRDA:33,2,1,0
BRDA:35,3,0,1
BRDA:35,3,1,0
BRF:8
BRH:5
end_of_record
